#
# A fatal error has been detected by the Java Runtime Environment:
#
#  EXCEPTION_ACCESS_VIOLATION (0xc0000005) at pc=0x6bb9f2e6, pid=15880, tid=0x000030a0
#
# JRE version: OpenJDK Runtime Environment (8.0_152-b08) (build 1.8.0_152-release-1024-b8)
# Java VM: OpenJDK Server VM (25.152-b8 mixed mode windows-x86 )
# Problematic frame:
# C  0x6bb9f2e6
#
# Failed to write core dump. Minidumps are not enabled by default on client versions of Windows
#
# If you would like to submit a bug report, please visit:
#   http://bugreport.java.com/bugreport/crash.jsp
# The crash happened outside the Java Virtual Machine in native code.
# See problematic frame for where to report the bug.
#

---------------  T H R E A D  ---------------

Current thread (0x05ac8000):  JavaThread "AWT-Windows" daemon [_thread_in_native, id=12448, stack(0x06550000,0x06650000)]

siginfo: ExceptionCode=0xc0000005, ExceptionInformation=0x00000008 0x6bb9f2e6

Registers:
EAX=0x00000001, EBX=0x05ac8130, ECX=0xfffffffe, EDX=0xfffffffe
ESP=0x0664f884, EBP=0x0664f8b0, ESI=0x00000001, EDI=0x00009829
EIP=0x6bb9f2e6, EFLAGS=0x00010202

Top of Stack: (sp=0x0664f884)
0x0664f884:   fffffffe 05ff5100 05ff7ed0 00000000
0x0664f894:   778caf03 05ac8130 00000000 0664f880
0x0664f8a4:   0664f9b4 06009fd8 00000001 0664f8dc
0x0664f8b4:   770cd2b3 004110ce 00009829 05ff5100
0x0664f8c4:   fffffffe 05ff5100 dcbaabcd 05ff7ed0
0x0664f8d4:   fffffffe 05ff5100 0664f9c4 770ae89a
0x0664f8e4:   05ff7ed0 004110ce 00009829 05ff5100
0x0664f8f4:   fffffffe 5c87b85f 00000000 011b33e0 

Instructions: (pc=0x6bb9f2e6)
0x6bb9f2c6:   
[error occurred during error reporting (printing registers, top of stack, instructions near pc), id 0xc0000005]

Register to memory mapping:

EAX=0x00000001 is an unknown value
EBX=0x05ac8130 is an unknown value
ECX=0xfffffffe is an unknown value
EDX=0xfffffffe is an unknown value
ESP=0x0664f884 is pointing into the stack for thread: 0x05ac8000
EBP=0x0664f8b0 is pointing into the stack for thread: 0x05ac8000
ESI=0x00000001 is an unknown value
EDI=0x00009829 is an unknown value


Stack: [0x06550000,0x06650000],  sp=0x0664f884,  free space=1022k
Native frames: (J=compiled Java code, j=interpreted, Vv=VM code, C=native code)
C  0x6bb9f2e6
C  [USER32.dll+0x2d2b3]
C  [USER32.dll+0xe89a]
C  [USER32.dll+0xe1f4]
C  [USER32.dll+0xdfb0]
C  [awt.dll+0xa7b54]

Java frames: (J=compiled Java code, j=interpreted, Vv=VM code)
j  sun.awt.windows.WToolkit.eventLoop()V+0
j  sun.awt.windows.WToolkit.run()V+58
j  java.lang.Thread.run()V+11
v  ~StubRoutines::call_stub

---------------  P R O C E S S  ---------------

Java Threads: ( => current thread )
=>0x05ac8000 JavaThread "AWT-Windows" daemon [_thread_in_native, id=12448, stack(0x06550000,0x06650000)]
  0x05d25800 JavaThread "AWT-Shutdown" [_thread_blocked, id=11188, stack(0x06410000,0x06510000)]
  0x05d25400 JavaThread "Java2D Disposer" daemon [_thread_blocked, id=17588, stack(0x062d0000,0x063d0000)]
  0x041d4400 JavaThread "Service Thread" daemon [_thread_blocked, id=16660, stack(0x04ed0000,0x04fd0000)]
  0x0417dc00 JavaThread "C1 CompilerThread2" daemon [_thread_blocked, id=6444, stack(0x04d90000,0x04e90000)]
  0x04179400 JavaThread "C2 CompilerThread1" daemon [_thread_blocked, id=1332, stack(0x04c50000,0x04d50000)]
  0x04176400 JavaThread "C2 CompilerThread0" daemon [_thread_blocked, id=18108, stack(0x04b10000,0x04c10000)]
  0x04175800 JavaThread "Attach Listener" daemon [_thread_blocked, id=6272, stack(0x049d0000,0x04ad0000)]
  0x04174c00 JavaThread "Signal Dispatcher" daemon [_thread_blocked, id=6100, stack(0x04890000,0x04990000)]
  0x04172000 JavaThread "Surrogate Locker Thread (Concurrent GC)" daemon [_thread_blocked, id=18188, stack(0x04750000,0x04850000)]
  0x04162400 JavaThread "Finalizer" daemon [_thread_blocked, id=14680, stack(0x04520000,0x04620000)]
  0x0414b800 JavaThread "Reference Handler" daemon [_thread_blocked, id=4864, stack(0x043e0000,0x044e0000)]
  0x00bfd000 JavaThread "main" [_thread_in_vm, id=7184, stack(0x000a0000,0x001a0000)]

Other Threads:
  0x04145000 VMThread [stack: 0x042a0000,0x043a0000] [id=18348]
  0x041d6400 WatcherThread [stack: 0x05010000,0x05110000] [id=12924]

VM state:not at safepoint (normal execution)

VM Mutex/Monitor currently owned by a thread: None

Heap:
 par new generation   total 39296K, used 6311K [0x1ea00000, 0x214a0000, 0x294a0000)
  eden space 34944K,   5% used [0x1ea00000, 0x1ebe9f80, 0x20c20000)
  from space 4352K, 100% used [0x20c20000, 0x21060000, 0x21060000)
  to   space 4352K,   0% used [0x21060000, 0x21060000, 0x214a0000)
 concurrent mark-sweep generation total 87424K, used 99K [0x294a0000, 0x2ea00000, 0x3ea00000)
 Metaspace       used 6285K, capacity 6457K, committed 6528K, reserved 6528K

Card table byte_map: [0x02e30000,0x02f40000] byte_map_base: 0x02d3b000

Marking Bits: (CMSBitMap*) 0x024b1520
 Bits: [0x02ff0000, 0x03a9b000)

Mod Union Table: (CMSBitMap*) 0x024b1580
 Bits: [0x00bc0000, 0x00bd5560)

Polling page: 0x00b70000

CodeCache: size=245760Kb used=2181Kb max_used=2189Kb free=243578Kb
 bounds [0x0f820000, 0x0fa60000, 0x1e820000]
 total_blobs=942 nmethods=744 adapters=113
 compilation: enabled

Compilation events (10 events):
Event: 0.615 Thread 0x0417dc00  693       3       java.util.jar.JarFile::getJarEntry (9 bytes)
Event: 0.615 Thread 0x0417dc00 nmethod 693 0x0fa30808 code [0x0fa30920, 0x0fa30b4c]
Event: 0.615 Thread 0x0417dc00  695       3       java.nio.Buffer::limit (62 bytes)
Event: 0.615 Thread 0x0417dc00 nmethod 695 0x0fa30c08 code [0x0fa30d20, 0x0fa30f2c]
Event: 0.616 Thread 0x0417dc00  696       3       java.io.BufferedReader::ensureOpen (18 bytes)
Event: 0.616 Thread 0x0417dc00 nmethod 696 0x0fa31008 code [0x0fa31120, 0x0fa312ac]
Event: 0.616 Thread 0x0417dc00  697       3       javax.swing.text.html.CSSParser::readChar (25 bytes)
Event: 0.616 Thread 0x0417dc00 nmethod 697 0x0fa31348 code [0x0fa31460, 0x0fa3160c]
Event: 0.616 Thread 0x0417dc00  698   !   3       java.io.BufferedReader::read (104 bytes)
Event: 0.616 Thread 0x0417dc00 nmethod 698 0x0fa317c8 code [0x0fa31940, 0x0fa31e78]

GC Heap History (4 events):
Event: 0.391 GC heap before
{Heap before GC invocations=0 (full 0):
 par new generation   total 39296K, used 34944K [0x1ea00000, 0x214a0000, 0x294a0000)
  eden space 34944K, 100% used [0x1ea00000, 0x20c20000, 0x20c20000)
  from space 4352K,   0% used [0x20c20000, 0x20c20000, 0x21060000)
  to   space 4352K,   0% used [0x21060000, 0x21060000, 0x214a0000)
 concurrent mark-sweep generation total 87424K, used 0K [0x294a0000, 0x2ea00000, 0x3ea00000)
 Metaspace       used 4136K, capacity 4288K, committed 4288K, reserved 4480K
Event: 0.393 GC heap after
Heap after GC invocations=1 (full 0):
 par new generation   total 39296K, used 1865K [0x1ea00000, 0x214a0000, 0x294a0000)
  eden space 34944K,   0% used [0x1ea00000, 0x1ea00000, 0x20c20000)
  from space 4352K,  42% used [0x21060000, 0x21232740, 0x214a0000)
  to   space 4352K,   0% used [0x20c20000, 0x20c20000, 0x21060000)
 concurrent mark-sweep generation total 87424K, used 0K [0x294a0000, 0x2ea00000, 0x3ea00000)
 Metaspace       used 4136K, capacity 4288K, committed 4288K, reserved 4480K
}
Event: 0.544 GC heap before
{Heap before GC invocations=1 (full 0):
 par new generation   total 39296K, used 36809K [0x1ea00000, 0x214a0000, 0x294a0000)
  eden space 34944K, 100% used [0x1ea00000, 0x20c20000, 0x20c20000)
  from space 4352K,  42% used [0x21060000, 0x21232740, 0x214a0000)
  to   space 4352K,   0% used [0x20c20000, 0x20c20000, 0x21060000)
 concurrent mark-sweep generation total 87424K, used 0K [0x294a0000, 0x2ea00000, 0x3ea00000)
 Metaspace       used 4429K, capacity 4613K, committed 4736K, reserved 5504K
Event: 0.550 GC heap after
Heap after GC invocations=2 (full 0):
 par new generation   total 39296K, used 4352K [0x1ea00000, 0x214a0000, 0x294a0000)
  eden space 34944K,   0% used [0x1ea00000, 0x1ea00000, 0x20c20000)
  from space 4352K, 100% used [0x20c20000, 0x21060000, 0x21060000)
  to   space 4352K,   0% used [0x21060000, 0x21060000, 0x214a0000)
 concurrent mark-sweep generation total 87424K, used 99K [0x294a0000, 0x2ea00000, 0x3ea00000)
 Metaspace       used 4429K, capacity 4613K, committed 4736K, reserved 5504K
}

Deoptimization events (10 events):
Event: 0.219 Thread 0x00bfd000 Uncommon trap: reason=unstable_if action=reinterpret pc=0x0f946dc0 method=java.lang.String.replace(CC)Ljava/lang/String; @ 2
Event: 0.241 Thread 0x00bfd000 Uncommon trap: reason=null_check action=make_not_entrant pc=0x0f93cae0 method=java.lang.String.equals(Ljava/lang/Object;)Z @ 8
Event: 0.267 Thread 0x00bfd000 Uncommon trap: reason=unstable_if action=reinterpret pc=0x0f94a18c method=java.lang.String.startsWith(Ljava/lang/String;I)Z @ 25
Event: 0.366 Thread 0x00bfd000 Uncommon trap: reason=null_assert action=make_not_entrant pc=0x0f9c221c method=java.util.zip.ZipEntry.setExtra0([BZ)V @ 269
Event: 0.385 Thread 0x00bfd000 Uncommon trap: reason=unstable_if action=reinterpret pc=0x0f9c9f74 method=java.util.jar.Manifest$FastInputStream.peek()B @ 23
Event: 0.396 Thread 0x00bfd000 Uncommon trap: reason=unstable_if action=reinterpret pc=0x0f9caf88 method=java.lang.ref.SoftReference.get()Ljava/lang/Object; @ 17
Event: 0.434 Thread 0x00bfd000 Uncommon trap: reason=unstable_if action=reinterpret pc=0x0f9e76bc method=java.util.jar.Manifest$FastInputStream.peek()B @ 23
Event: 0.521 Thread 0x00bfd000 Uncommon trap: reason=unstable_if action=reinterpret pc=0x0fa00df0 method=com.intellij.util.lang.IntObjectHashMap.hashIndex([II)I @ 37
Event: 0.521 Thread 0x00bfd000 Uncommon trap: reason=unstable_if action=reinterpret pc=0x0f9a8c68 method=com.intellij.util.lang.IntObjectHashMap.hashIndex([II)I @ 37
Event: 0.584 Thread 0x00bfd000 Uncommon trap: reason=unstable_if action=reinterpret pc=0x0f9e120c method=java.lang.ThreadLocal$ThreadLocalMap.getEntry(Ljava/lang/ThreadLocal;)Ljava/lang/ThreadLocal$ThreadLocalMap$Entry; @ 21

Classes redefined (0 events):
No events

Internal exceptions (10 events):
Event: 0.139 Thread 0x00bfd000 Exception <a 'java/security/PrivilegedActionException'> (0x1eca77d0) thrown at [C:\BuildAgent\work\d332137835c821ac\hotspot\src\share\vm\prims\jvm.cpp, line 1390]
Event: 0.139 Thread 0x00bfd000 Exception <a 'java/security/PrivilegedActionException'> (0x1eca79d0) thrown at [C:\BuildAgent\work\d332137835c821ac\hotspot\src\share\vm\prims\jvm.cpp, line 1390]
Event: 0.139 Thread 0x00bfd000 Exception <a 'java/security/PrivilegedActionException'> (0x1ecab458) thrown at [C:\BuildAgent\work\d332137835c821ac\hotspot\src\share\vm\prims\jvm.cpp, line 1390]
Event: 0.139 Thread 0x00bfd000 Exception <a 'java/security/PrivilegedActionException'> (0x1ecab658) thrown at [C:\BuildAgent\work\d332137835c821ac\hotspot\src\share\vm\prims\jvm.cpp, line 1390]
Event: 0.139 Thread 0x00bfd000 Exception <a 'java/security/PrivilegedActionException'> (0x1ecacb18) thrown at [C:\BuildAgent\work\d332137835c821ac\hotspot\src\share\vm\prims\jvm.cpp, line 1390]
Event: 0.139 Thread 0x00bfd000 Exception <a 'java/security/PrivilegedActionException'> (0x1ecacd18) thrown at [C:\BuildAgent\work\d332137835c821ac\hotspot\src\share\vm\prims\jvm.cpp, line 1390]
Event: 0.241 Thread 0x00bfd000 Implicit null exception at 0x0f93c91f to 0x0f93cad1
Event: 0.578 Thread 0x00bfd000 Exception <a 'java/io/FileNotFoundException'> (0x1ea72250) thrown at [C:\BuildAgent\work\d332137835c821ac\hotspot\src\share\vm\prims\jni.cpp, line 709]
Event: 0.584 Thread 0x00bfd000 Implicit null exception at 0x0f9e117f to 0x0f9e11f1
Event: 0.594 Thread 0x00bfd000 Exception <a 'java/lang/ClassNotFoundException': sun/dc/DuctusRenderingEngine> (0x1eae7430) thrown at [C:\BuildAgent\work\d332137835c821ac\hotspot\src\share\vm\classfile\systemDictionary.cpp, line 210]

Events (10 events):
Event: 0.616 loading class sun/java2d/SunGraphicsEnvironment done
Event: 0.616 loading class sun/awt/Win32GraphicsEnvironment done
Event: 0.616 loading class sun/font/FontUtilities
Event: 0.616 loading class sun/font/FontUtilities done
Event: 0.616 loading class sun/font/FontUtilities$1
Event: 0.616 loading class sun/font/FontUtilities$1 done
Event: 0.617 loading class sun/java2d/windows/WindowsFlags
Event: 0.617 loading class sun/java2d/windows/WindowsFlags done
Event: 0.617 loading class sun/java2d/windows/WindowsFlags$1
Event: 0.617 loading class sun/java2d/windows/WindowsFlags$1 done


Dynamic libraries:
0x00400000 - 0x00543000 	C:\code\PyCharm Community Edition 2017.3.1\bin\pycharm.exe
0x778a0000 - 0x77a23000 	C:\WINDOWS\SYSTEM32\ntdll.dll
0x77290000 - 0x77370000 	C:\WINDOWS\System32\KERNEL32.DLL
0x774d0000 - 0x77671000 	C:\WINDOWS\System32\KERNELBASE.dll
0x741f0000 - 0x7425e000 	C:\WINDOWS\System32\SYSFER.DLL
0x770a0000 - 0x771ff000 	C:\WINDOWS\System32\USER32.dll
0x74350000 - 0x74365000 	C:\WINDOWS\System32\win32u.dll
0x744d0000 - 0x744fb000 	C:\WINDOWS\System32\GDI32.dll
0x77370000 - 0x774ca000 	C:\WINDOWS\System32\gdi32full.dll
0x76ab0000 - 0x76b27000 	C:\WINDOWS\System32\ADVAPI32.dll
0x74290000 - 0x7434e000 	C:\WINDOWS\System32\msvcrt.dll
0x76750000 - 0x76791000 	C:\WINDOWS\System32\sechost.dll
0x76680000 - 0x76741000 	C:\WINDOWS\System32\RPCRT4.dll
0x74270000 - 0x7428f000 	C:\WINDOWS\System32\SspiCli.dll
0x74260000 - 0x7426a000 	C:\WINDOWS\System32\CRYPTBASE.dll
0x767c0000 - 0x7681a000 	C:\WINDOWS\System32\bcryptPrimitives.dll
0x74510000 - 0x758e8000 	C:\WINDOWS\System32\SHELL32.dll
0x76990000 - 0x769c6000 	C:\WINDOWS\System32\cfgmgr32.dll
0x76b30000 - 0x7709e000 	C:\WINDOWS\System32\windows.storage.dll
0x75aa0000 - 0x75cb1000 	C:\WINDOWS\System32\combase.dll
0x758f0000 - 0x759d0000 	C:\WINDOWS\System32\ucrtbase.dll
0x76a50000 - 0x76a95000 	C:\WINDOWS\System32\powrprof.dll
0x764f0000 - 0x76536000 	C:\WINDOWS\System32\shlwapi.dll
0x767b0000 - 0x767bd000 	C:\WINDOWS\System32\kernel.appcore.dll
0x77200000 - 0x77288000 	C:\WINDOWS\System32\shcore.dll
0x767a0000 - 0x767af000 	C:\WINDOWS\System32\profapi.dll
0x769d0000 - 0x769f5000 	C:\WINDOWS\System32\IMM32.DLL
0x076b0000 - 0x07c93000 	C:\code\PyCharm Community Edition 2017.3.1\jre32\bin\server\jvm.dll
0x744c0000 - 0x744c6000 	C:\WINDOWS\System32\PSAPI.DLL
0x72ad0000 - 0x72ad8000 	C:\WINDOWS\SYSTEM32\WSOCK32.dll
0x73060000 - 0x73068000 	C:\WINDOWS\SYSTEM32\VERSION.dll
0x6d950000 - 0x6d974000 	C:\WINDOWS\SYSTEM32\WINMM.dll
0x78770000 - 0x7882f000 	C:\WINDOWS\SYSTEM32\MSVCR100.dll
0x75a30000 - 0x75a93000 	C:\WINDOWS\System32\WS2_32.dll
0x00b30000 - 0x00b53000 	C:\WINDOWS\SYSTEM32\WINMMBASE.dll
0x72b80000 - 0x72b8c000 	C:\code\PyCharm Community Edition 2017.3.1\jre32\bin\verify.dll
0x0f7f0000 - 0x0f812000 	C:\code\PyCharm Community Edition 2017.3.1\jre32\bin\java.dll
0x0f610000 - 0x0f623000 	C:\code\PyCharm Community Edition 2017.3.1\jre32\bin\zip.dll
0x05f50000 - 0x06093000 	C:\code\PyCharm Community Edition 2017.3.1\jre32\bin\awt.dll
0x77680000 - 0x77714000 	C:\WINDOWS\System32\OLEAUT32.dll
0x76910000 - 0x7698b000 	C:\WINDOWS\System32\msvcp_win.dll
0x50db0000 - 0x51288000 	C:\WINDOWS\SYSTEM32\d2d1.dll
0x76280000 - 0x763fd000 	C:\WINDOWS\System32\CRYPT32.dll
0x76aa0000 - 0x76aae000 	C:\WINDOWS\System32\MSASN1.dll
0x66de0000 - 0x66e72000 	C:\WINDOWS\SYSTEM32\apphelp.dll
0x61070000 - 0x61104000 	C:\WINDOWS\WinSxS\x86_microsoft.windows.common-controls_6595b64144ccf1df_5.82.14393.447_none_5507ded2cb4f7f4c\COMCTL32.dll
0x70f50000 - 0x70fc5000 	C:\WINDOWS\system32\uxtheme.dll
0x76540000 - 0x76675000 	C:\WINDOWS\System32\MSCTF.dll
0x6e510000 - 0x6e58b000 	C:\Program Files (x86)\Common Files\Microsoft Shared\Ink\tiptsf.dll
0x70f30000 - 0x70f4f000 	C:\WINDOWS\system32\dwmapi.dll
0x75ce0000 - 0x75dcc000 	C:\WINDOWS\System32\ole32.dll
0x739c0000 - 0x73b05000 	C:\WINDOWS\SYSTEM32\dbghelp.dll

VM Arguments:
jvm_args: -Xms128m -Xmx512m -XX:ReservedCodeCacheSize=240m -XX:+UseConcMarkSweepGC -XX:SoftRefLRUPolicyMSPerMB=50 -ea -Dsun.io.useCanonCaches=false -Djava.net.preferIPv4Stack=true -XX:+HeapDumpOnOutOfMemoryError -XX:-OmitStackTraceInFastThrow -Djb.vmOptionsFile=C:\code\PyCharm Community Edition 2017.3.1\bin\pycharm.exe.vmoptions -Xbootclasspath/a:C:\code\PyCharm Community Edition 2017.3.1\lib\boot.jar -Didea.platform.prefix=PyCharmCore -Didea.paths.selector=PyCharmCE2017.3 -XX:ErrorFile=C:\Users\H088750\java_error_in_pycharm_%p.log -XX:HeapDumpPath=C:\Users\H088750\java_error_in_pycharm.hprof 
java_command: <unknown>
java_class_path (initial): C:\code\PyCharm Community Edition 2017.3.1\lib\bootstrap.jar;C:\code\PyCharm Community Edition 2017.3.1\lib\extensions.jar;C:\code\PyCharm Community Edition 2017.3.1\lib\util.jar;C:\code\PyCharm Community Edition 2017.3.1\lib\jdom.jar;C:\code\PyCharm Community Edition 2017.3.1\lib\log4j.jar;C:\code\PyCharm Community Edition 2017.3.1\lib\trove4j.jar;C:\code\PyCharm Community Edition 2017.3.1\lib\jna.jar
Launcher Type: generic

Environment Variables:
JAVA_HOME=C:\code\Java\jdk1.8.0_151
PATH=C:\Oracle\product\11.2.0\client_1\bin;C:\ProgramData\Oracle\Java\javapath;C:\WINDOWS\system32;C:\WINDOWS;C:\WINDOWS\System32\Wbem;C:\WINDOWS\System32\WindowsPowerShell\v1.0\;C:\Program Files (x86)\Sennheiser\SoftphoneSDK\;C:\code\Java\jre1.8.0_151\bin;C:\code\nodejs\;C:\code\Python\Python36-32\Scripts\;C:\code\Python\Python36-32\;C:\Users\H088750\AppData\Local\Microsoft\WindowsApps;C:\Users\H088750\AppData\Local\Programs\Git\cmd;C:\Users\H088750\AppData\Roaming\npm
USERNAME=H088750
OS=Windows_NT
PROCESSOR_IDENTIFIER=Intel64 Family 6 Model 78 Stepping 3, GenuineIntel



---------------  S Y S T E M  ---------------

OS: Windows 10.0 , 64 bit Build 14393 (10.0.14393.1198)

CPU:total 4 (initial active 4) (2 cores per cpu, 2 threads per core) family 6 model 78 stepping 3, cmov, cx8, fxsr, mmx, sse, sse2, sse3, ssse3, sse4.1, sse4.2, popcnt, avx, avx2, aes, clmul, erms, rtm, 3dnowpref, lzcnt, ht, tsc, tscinvbit, bmi1, bmi2, adx

Memory: 4k page, physical 8223924k(2418952k free), swap 14915408k(2777752k free)

vm_info: OpenJDK Server VM (25.152-b8) for windows-x86 JRE (1.8.0_152-release-1024-b8), built on Nov 14 2017 15:10:32 by "builduser" with MS VC++ 10.0 (VS2010)

time: Fri Dec 15 09:06:32 2017
elapsed time: 0 seconds (0d 0h 0m 0s)

